[2023-11-07 17:05:13,430] {manager.py:480} INFO - Processing files using up to 2 processes at a time 
[2023-11-07 17:05:13,431] {manager.py:481} INFO - Process each file at most once every 30 seconds
[2023-11-07 17:05:13,431] {manager.py:482} INFO - Checking for new files in /home/seluser/app/airflow/dags every 300 seconds
[2023-11-07 17:05:13,434] {manager.py:690} INFO - Searching for files in /home/seluser/app/airflow/dags
[2023-11-07 17:05:13,449] {manager.py:693} INFO - There are 2 files in /home/seluser/app/airflow/dags
[2023-11-07 17:05:13,719] {manager.py:809} INFO - 
================================================================================
DAG File Processing Stats

File Path                                             PID  Runtime      # DAGs    # Errors  Last Runtime    Last Run
--------------------------------------------------  -----  ---------  --------  ----------  --------------  ----------
/home/seluser/app/airflow/dags/load.py                158  0.08s             0           0
/home/seluser/app/airflow/dags/selenium_session.py    157  0.11s             0           0
================================================================================
[2023-11-07 17:05:44,105] {manager.py:809} INFO - 
================================================================================
DAG File Processing Stats

File Path                                             PID  Runtime      # DAGs    # Errors  Last Runtime    Last Run
--------------------------------------------------  -----  ---------  --------  ----------  --------------  -------------------
/home/seluser/app/airflow/dags/load.py                168  0.02s             0           1  0.38s           2023-11-07T17:05:14
/home/seluser/app/airflow/dags/selenium_session.py                           1           0  0.82s           2023-11-07T17:05:14
================================================================================
[2023-11-07 17:06:14,387] {manager.py:809} INFO - 
================================================================================
DAG File Processing Stats

File Path                                             PID  Runtime      # DAGs    # Errors  Last Runtime    Last Run
--------------------------------------------------  -----  ---------  --------  ----------  --------------  -------------------
/home/seluser/app/airflow/dags/load.py                178  0.01s             0           1  0.22s           2023-11-07T17:05:44
/home/seluser/app/airflow/dags/selenium_session.py                           1           0  0.42s           2023-11-07T17:05:45
================================================================================
[2023-11-07 17:06:44,544] {manager.py:809} INFO - 
================================================================================
DAG File Processing Stats

File Path                                             PID  Runtime      # DAGs    # Errors  Last Runtime    Last Run
--------------------------------------------------  -----  ---------  --------  ----------  --------------  -------------------
/home/seluser/app/airflow/dags/load.py                288  0.01s             0           1  0.09s           2023-11-07T17:06:14
/home/seluser/app/airflow/dags/selenium_session.py                           1           0  0.25s           2023-11-07T17:06:16
================================================================================
[2023-11-07 17:07:14,706] {manager.py:809} INFO - 
================================================================================
DAG File Processing Stats

File Path                                             PID  Runtime      # DAGs    # Errors  Last Runtime    Last Run
--------------------------------------------------  -----  ---------  --------  ----------  --------------  -------------------
/home/seluser/app/airflow/dags/load.py                298  0.01s             0           1  0.08s           2023-11-07T17:06:44
/home/seluser/app/airflow/dags/selenium_session.py                           1           0  0.19s           2023-11-07T17:06:47
================================================================================
[2023-11-07 17:07:44,862] {manager.py:809} INFO - 
================================================================================
DAG File Processing Stats

File Path                                             PID  Runtime      # DAGs    # Errors  Last Runtime    Last Run
--------------------------------------------------  -----  ---------  --------  ----------  --------------  -------------------
/home/seluser/app/airflow/dags/load.py                308  0.01s             0           1  0.08s           2023-11-07T17:07:14
/home/seluser/app/airflow/dags/selenium_session.py                           1           0  0.21s           2023-11-07T17:07:17
================================================================================
[2023-11-07 17:08:15,027] {manager.py:809} INFO - 
================================================================================
DAG File Processing Stats

File Path                                             PID  Runtime      # DAGs    # Errors  Last Runtime    Last Run
--------------------------------------------------  -----  ---------  --------  ----------  --------------  -------------------
/home/seluser/app/airflow/dags/load.py                318  0.01s             0           1  0.09s           2023-11-07T17:07:44
/home/seluser/app/airflow/dags/selenium_session.py                           1           0  0.20s           2023-11-07T17:07:49
================================================================================
[2023-11-07 17:08:45,200] {manager.py:809} INFO - 
================================================================================
DAG File Processing Stats

File Path                                             PID  Runtime      # DAGs    # Errors  Last Runtime    Last Run
--------------------------------------------------  -----  ---------  --------  ----------  --------------  -------------------
/home/seluser/app/airflow/dags/load.py                328  0.01s             0           1  0.09s           2023-11-07T17:08:15
/home/seluser/app/airflow/dags/selenium_session.py                           1           0  0.21s           2023-11-07T17:08:19
================================================================================
[2023-11-07 17:09:15,362] {manager.py:809} INFO - 
================================================================================
DAG File Processing Stats

File Path                                             PID  Runtime      # DAGs    # Errors  Last Runtime    Last Run
--------------------------------------------------  -----  ---------  --------  ----------  --------------  -------------------
/home/seluser/app/airflow/dags/load.py                338  0.01s             0           1  0.09s           2023-11-07T17:08:45
/home/seluser/app/airflow/dags/selenium_session.py                           1           0  0.19s           2023-11-07T17:08:50
================================================================================
[2023-11-07 17:09:45,526] {manager.py:809} INFO - 
================================================================================
DAG File Processing Stats

File Path                                             PID  Runtime      # DAGs    # Errors  Last Runtime    Last Run
--------------------------------------------------  -----  ---------  --------  ----------  --------------  -------------------
/home/seluser/app/airflow/dags/load.py                348  0.01s             0           1  0.09s           2023-11-07T17:09:15
/home/seluser/app/airflow/dags/selenium_session.py                           1           0  0.21s           2023-11-07T17:09:20
================================================================================
[2023-11-07 17:10:13,663] {manager.py:690} INFO - Searching for files in /home/seluser/app/airflow/dags
[2023-11-07 17:10:13,666] {manager.py:693} INFO - There are 2 files in /home/seluser/app/airflow/dags
[2023-11-07 17:10:15,699] {manager.py:809} INFO - 
================================================================================
DAG File Processing Stats

File Path                                             PID  Runtime      # DAGs    # Errors  Last Runtime    Last Run
--------------------------------------------------  -----  ---------  --------  ----------  --------------  -------------------
/home/seluser/app/airflow/dags/load.py                358  0.01s             0           1  0.09s           2023-11-07T17:09:45
/home/seluser/app/airflow/dags/selenium_session.py                           1           0  0.20s           2023-11-07T17:09:51
================================================================================
[2023-11-07 17:10:45,866] {manager.py:809} INFO - 
================================================================================
DAG File Processing Stats

File Path                                             PID  Runtime      # DAGs    # Errors  Last Runtime    Last Run
--------------------------------------------------  -----  ---------  --------  ----------  --------------  -------------------
/home/seluser/app/airflow/dags/load.py                368  0.01s             0           1  0.09s           2023-11-07T17:10:15
/home/seluser/app/airflow/dags/selenium_session.py                           1           0  0.20s           2023-11-07T17:10:21
================================================================================
[2023-11-07 17:11:16,031] {manager.py:809} INFO - 
================================================================================
DAG File Processing Stats

File Path                                             PID  Runtime      # DAGs    # Errors  Last Runtime    Last Run
--------------------------------------------------  -----  ---------  --------  ----------  --------------  -------------------
/home/seluser/app/airflow/dags/load.py                378  0.01s             0           1  0.09s           2023-11-07T17:10:45
/home/seluser/app/airflow/dags/selenium_session.py                           1           0  0.22s           2023-11-07T17:10:53
================================================================================
