[2023-11-08T08:15:12.684+0000] {taskinstance.py:1159} INFO - Dependencies all met for dep_context=non-requeueable deps ti=<TaskInstance: game_log_dag.dbt_run scheduled__2023-11-07T00:00:00+00:00 [queued]>
[2023-11-08T08:15:12.706+0000] {taskinstance.py:1159} INFO - Dependencies all met for dep_context=requeueable deps ti=<TaskInstance: game_log_dag.dbt_run scheduled__2023-11-07T00:00:00+00:00 [queued]>
[2023-11-08T08:15:12.707+0000] {taskinstance.py:1361} INFO - Starting attempt 1 of 1
[2023-11-08T08:15:12.736+0000] {taskinstance.py:1382} INFO - Executing <Task(BashOperator): dbt_run> on 2023-11-07 00:00:00+00:00
[2023-11-08T08:15:12.750+0000] {standard_task_runner.py:57} INFO - Started process 273 to run task
[2023-11-08T08:15:12.761+0000] {standard_task_runner.py:84} INFO - Running: ['airflow', 'tasks', 'run', 'game_log_dag', 'dbt_run', 'scheduled__2023-11-07T00:00:00+00:00', '--job-id', '29', '--raw', '--subdir', 'DAGS_FOLDER/load.py', '--cfg-path', '/tmp/tmp8a87pj99']
[2023-11-08T08:15:12.767+0000] {standard_task_runner.py:85} INFO - Job 29: Subtask dbt_run
[2023-11-08T08:15:12.920+0000] {task_command.py:416} INFO - Running <TaskInstance: game_log_dag.dbt_run scheduled__2023-11-07T00:00:00+00:00 [running]> on host 7a2338e7a8c3
[2023-11-08T08:15:13.192+0000] {taskinstance.py:1662} INFO - Exporting env vars: AIRFLOW_CTX_DAG_OWNER='airflow' AIRFLOW_CTX_DAG_ID='game_log_dag' AIRFLOW_CTX_TASK_ID='dbt_run' AIRFLOW_CTX_EXECUTION_DATE='2023-11-07T00:00:00+00:00' AIRFLOW_CTX_TRY_NUMBER='1' AIRFLOW_CTX_DAG_RUN_ID='scheduled__2023-11-07T00:00:00+00:00'
[2023-11-08T08:15:13.206+0000] {subprocess.py:63} INFO - Tmp dir root location: /tmp
[2023-11-08T08:15:13.207+0000] {subprocess.py:75} INFO - Running command: ['/bin/bash', '-c', 'dbt run --project-dir /app/airflow/dbt_nba']
[2023-11-08T08:15:13.268+0000] {subprocess.py:86} INFO - Output:
[2023-11-08T08:15:19.092+0000] {subprocess.py:93} INFO - [0m08:15:19  Running with dbt=1.7.0
[2023-11-08T08:15:22.265+0000] {subprocess.py:93} INFO - [0m08:15:22  Registered adapter: bigquery=1.7.0
[2023-11-08T08:15:22.387+0000] {subprocess.py:93} INFO - [0m08:15:22  Found 2 models, 2 tests, 0 sources, 0 exposures, 0 metrics, 447 macros, 0 groups, 0 semantic models
[2023-11-08T08:15:22.391+0000] {subprocess.py:93} INFO - [0m08:15:22
[2023-11-08T08:15:22.918+0000] {subprocess.py:93} INFO - [0m08:15:22  Concurrency: 3 threads (target='dev')
[2023-11-08T08:15:22.919+0000] {subprocess.py:93} INFO - [0m08:15:22
[2023-11-08T08:15:22.925+0000] {subprocess.py:93} INFO - [0m08:15:22  1 of 2 START sql table model dbt_nba.first_model ............................... [RUN]
[2023-11-08T08:15:25.332+0000] {subprocess.py:93} INFO - [0m08:15:25  1 of 2 OK created sql table model dbt_nba.first_model .......................... [[32mCREATE TABLE (172.0 rows, 66.9 KiB processed)[0m in 2.40s]
[2023-11-08T08:15:25.337+0000] {subprocess.py:93} INFO - [0m08:15:25  2 of 2 START sql view model dbt_nba.my_second_dbt_model ........................ [RUN]
[2023-11-08T08:15:26.333+0000] {subprocess.py:93} INFO - [0m08:15:26  2 of 2 OK created sql view model dbt_nba.my_second_dbt_model ................... [[32mCREATE VIEW (0 processed)[0m in 0.99s]
[2023-11-08T08:15:26.340+0000] {subprocess.py:93} INFO - [0m08:15:26
[2023-11-08T08:15:26.341+0000] {subprocess.py:93} INFO - [0m08:15:26  Finished running 1 table model, 1 view model in 0 hours 0 minutes and 3.95 seconds (3.95s).
[2023-11-08T08:15:26.357+0000] {subprocess.py:93} INFO - [0m08:15:26
[2023-11-08T08:15:26.358+0000] {subprocess.py:93} INFO - [0m08:15:26  [32mCompleted successfully[0m
[2023-11-08T08:15:26.359+0000] {subprocess.py:93} INFO - [0m08:15:26
[2023-11-08T08:15:26.361+0000] {subprocess.py:93} INFO - [0m08:15:26  Done. PASS=2 WARN=0 ERROR=0 SKIP=0 TOTAL=2
[2023-11-08T08:15:27.307+0000] {subprocess.py:97} INFO - Command exited with return code 0
[2023-11-08T08:15:27.374+0000] {taskinstance.py:1400} INFO - Marking task as SUCCESS. dag_id=game_log_dag, task_id=dbt_run, execution_date=20231107T000000, start_date=20231108T081512, end_date=20231108T081527
[2023-11-08T08:15:27.457+0000] {local_task_job_runner.py:228} INFO - Task exited with return code 0
[2023-11-08T08:15:27.515+0000] {taskinstance.py:2778} INFO - 0 downstream tasks scheduled from follow-on schedule check
