[2023-11-08T08:12:14.289+0000] {taskinstance.py:1159} INFO - Dependencies all met for dep_context=non-requeueable deps ti=<TaskInstance: extract.dbt_run manual__2023-11-08T08:11:44.808636+00:00 [queued]>
[2023-11-08T08:12:14.303+0000] {taskinstance.py:1159} INFO - Dependencies all met for dep_context=requeueable deps ti=<TaskInstance: extract.dbt_run manual__2023-11-08T08:11:44.808636+00:00 [queued]>
[2023-11-08T08:12:14.304+0000] {taskinstance.py:1361} INFO - Starting attempt 1 of 1
[2023-11-08T08:12:14.319+0000] {taskinstance.py:1382} INFO - Executing <Task(BashOperator): dbt_run> on 2023-11-08 08:11:44.808636+00:00
[2023-11-08T08:12:14.329+0000] {standard_task_runner.py:57} INFO - Started process 208 to run task
[2023-11-08T08:12:14.337+0000] {standard_task_runner.py:84} INFO - Running: ['airflow', 'tasks', 'run', 'extract', 'dbt_run', 'manual__2023-11-08T08:11:44.808636+00:00', '--job-id', '27', '--raw', '--subdir', 'DAGS_FOLDER/load.py', '--cfg-path', '/tmp/tmpkyghef02']
[2023-11-08T08:12:14.342+0000] {standard_task_runner.py:85} INFO - Job 27: Subtask dbt_run
[2023-11-08T08:12:14.427+0000] {task_command.py:416} INFO - Running <TaskInstance: extract.dbt_run manual__2023-11-08T08:11:44.808636+00:00 [running]> on host 7a2338e7a8c3
[2023-11-08T08:12:14.568+0000] {taskinstance.py:1662} INFO - Exporting env vars: AIRFLOW_CTX_DAG_OWNER='airflow' AIRFLOW_CTX_DAG_ID='extract' AIRFLOW_CTX_TASK_ID='dbt_run' AIRFLOW_CTX_EXECUTION_DATE='2023-11-08T08:11:44.808636+00:00' AIRFLOW_CTX_TRY_NUMBER='1' AIRFLOW_CTX_DAG_RUN_ID='manual__2023-11-08T08:11:44.808636+00:00'
[2023-11-08T08:12:14.572+0000] {subprocess.py:63} INFO - Tmp dir root location: /tmp
[2023-11-08T08:12:14.573+0000] {subprocess.py:75} INFO - Running command: ['/bin/bash', '-c', 'dbt run --project-dir /app/airflow/dbt_nba']
[2023-11-08T08:12:14.592+0000] {subprocess.py:86} INFO - Output:
[2023-11-08T08:12:18.865+0000] {subprocess.py:93} INFO - [0m08:12:18  Running with dbt=1.7.0
[2023-11-08T08:12:20.496+0000] {subprocess.py:93} INFO - [0m08:12:20  Registered adapter: bigquery=1.7.0
[2023-11-08T08:12:20.604+0000] {subprocess.py:93} INFO - [0m08:12:20  Found 2 models, 2 tests, 0 sources, 0 exposures, 0 metrics, 447 macros, 0 groups, 0 semantic models
[2023-11-08T08:12:20.608+0000] {subprocess.py:93} INFO - [0m08:12:20
[2023-11-08T08:12:21.151+0000] {subprocess.py:93} INFO - [0m08:12:21  Concurrency: 3 threads (target='dev')
[2023-11-08T08:12:21.152+0000] {subprocess.py:93} INFO - [0m08:12:21
[2023-11-08T08:12:21.158+0000] {subprocess.py:93} INFO - [0m08:12:21  1 of 2 START sql table model dbt_nba.first_model ............................... [RUN]
[2023-11-08T08:12:23.720+0000] {subprocess.py:93} INFO - [0m08:12:23  1 of 2 OK created sql table model dbt_nba.first_model .......................... [[32mCREATE TABLE (172.0 rows, 66.9 KiB processed)[0m in 2.56s]
[2023-11-08T08:12:23.724+0000] {subprocess.py:93} INFO - [0m08:12:23  2 of 2 START sql view model dbt_nba.my_second_dbt_model ........................ [RUN]
[2023-11-08T08:12:24.694+0000] {subprocess.py:93} INFO - [0m08:12:24  2 of 2 OK created sql view model dbt_nba.my_second_dbt_model ................... [[32mCREATE VIEW (0 processed)[0m in 0.97s]
[2023-11-08T08:12:24.701+0000] {subprocess.py:93} INFO - [0m08:12:24
[2023-11-08T08:12:24.702+0000] {subprocess.py:93} INFO - [0m08:12:24  Finished running 1 table model, 1 view model in 0 hours 0 minutes and 4.09 seconds (4.09s).
[2023-11-08T08:12:24.718+0000] {subprocess.py:93} INFO - [0m08:12:24
[2023-11-08T08:12:24.720+0000] {subprocess.py:93} INFO - [0m08:12:24  [32mCompleted successfully[0m
[2023-11-08T08:12:24.721+0000] {subprocess.py:93} INFO - [0m08:12:24
[2023-11-08T08:12:24.723+0000] {subprocess.py:93} INFO - [0m08:12:24  Done. PASS=2 WARN=0 ERROR=0 SKIP=0 TOTAL=2
[2023-11-08T08:12:25.700+0000] {subprocess.py:97} INFO - Command exited with return code 0
[2023-11-08T08:12:25.752+0000] {taskinstance.py:1400} INFO - Marking task as SUCCESS. dag_id=extract, task_id=dbt_run, execution_date=20231108T081144, start_date=20231108T081214, end_date=20231108T081225
[2023-11-08T08:12:25.782+0000] {local_task_job_runner.py:228} INFO - Task exited with return code 0
[2023-11-08T08:12:25.808+0000] {taskinstance.py:2778} INFO - 0 downstream tasks scheduled from follow-on schedule check
