[2023-11-07 17:05:13,710] {processor.py:153} INFO - Started process (PID=157) to work on /home/seluser/app/airflow/dags/selenium_session.py
[2023-11-07 17:05:13,713] {processor.py:641} INFO - Processing file /home/seluser/app/airflow/dags/selenium_session.py for tasks to queue
[2023-11-07 17:05:13,715] {logging_mixin.py:115} INFO - [2023-11-07 17:05:13,715] {dagbag.py:507} INFO - Filling up the DagBag from /home/seluser/app/airflow/dags/selenium_session.py
[2023-11-07 17:05:14,172] {processor.py:651} INFO - DAG(s) dict_keys(['scraping']) retrieved from /home/seluser/app/airflow/dags/selenium_session.py
[2023-11-07 17:05:14,314] {logging_mixin.py:115} INFO - [2023-11-07 17:05:14,314] {dag.py:2379} INFO - Sync 1 DAGs
[2023-11-07 17:05:14,361] {logging_mixin.py:115} INFO - [2023-11-07 17:05:14,361] {dag.py:2927} INFO - Setting next_dagrun for scraping to None, run_after=None
[2023-11-07 17:05:14,393] {processor.py:161} INFO - Processing /home/seluser/app/airflow/dags/selenium_session.py took 0.702 seconds
[2023-11-07 17:05:45,157] {processor.py:153} INFO - Started process (PID=173) to work on /home/seluser/app/airflow/dags/selenium_session.py
[2023-11-07 17:05:45,160] {processor.py:641} INFO - Processing file /home/seluser/app/airflow/dags/selenium_session.py for tasks to queue
[2023-11-07 17:05:45,162] {logging_mixin.py:115} INFO - [2023-11-07 17:05:45,161] {dagbag.py:507} INFO - Filling up the DagBag from /home/seluser/app/airflow/dags/selenium_session.py
[2023-11-07 17:05:45,329] {processor.py:651} INFO - DAG(s) dict_keys(['scraping']) retrieved from /home/seluser/app/airflow/dags/selenium_session.py
[2023-11-07 17:05:45,418] {logging_mixin.py:115} INFO - [2023-11-07 17:05:45,418] {dag.py:2379} INFO - Sync 1 DAGs
[2023-11-07 17:05:45,477] {logging_mixin.py:115} INFO - [2023-11-07 17:05:45,477] {dag.py:2927} INFO - Setting next_dagrun for scraping to None, run_after=None
[2023-11-07 17:05:45,504] {processor.py:161} INFO - Processing /home/seluser/app/airflow/dags/selenium_session.py took 0.360 seconds
[2023-11-07 17:06:16,423] {processor.py:153} INFO - Started process (PID=183) to work on /home/seluser/app/airflow/dags/selenium_session.py
[2023-11-07 17:06:16,425] {processor.py:641} INFO - Processing file /home/seluser/app/airflow/dags/selenium_session.py for tasks to queue
[2023-11-07 17:06:16,426] {logging_mixin.py:115} INFO - [2023-11-07 17:06:16,426] {dagbag.py:507} INFO - Filling up the DagBag from /home/seluser/app/airflow/dags/selenium_session.py
[2023-11-07 17:06:16,536] {processor.py:651} INFO - DAG(s) dict_keys(['scraping']) retrieved from /home/seluser/app/airflow/dags/selenium_session.py
[2023-11-07 17:06:16,583] {logging_mixin.py:115} INFO - [2023-11-07 17:06:16,583] {dag.py:2379} INFO - Sync 1 DAGs
[2023-11-07 17:06:16,612] {logging_mixin.py:115} INFO - [2023-11-07 17:06:16,612] {dag.py:2927} INFO - Setting next_dagrun for scraping to None, run_after=None
[2023-11-07 17:06:16,625] {processor.py:161} INFO - Processing /home/seluser/app/airflow/dags/selenium_session.py took 0.210 seconds
[2023-11-07 17:06:47,575] {processor.py:153} INFO - Started process (PID=293) to work on /home/seluser/app/airflow/dags/selenium_session.py
[2023-11-07 17:06:47,576] {processor.py:641} INFO - Processing file /home/seluser/app/airflow/dags/selenium_session.py for tasks to queue
[2023-11-07 17:06:47,577] {logging_mixin.py:115} INFO - [2023-11-07 17:06:47,577] {dagbag.py:507} INFO - Filling up the DagBag from /home/seluser/app/airflow/dags/selenium_session.py
[2023-11-07 17:06:47,646] {processor.py:651} INFO - DAG(s) dict_keys(['scraping']) retrieved from /home/seluser/app/airflow/dags/selenium_session.py
[2023-11-07 17:06:47,679] {logging_mixin.py:115} INFO - [2023-11-07 17:06:47,679] {dag.py:2379} INFO - Sync 1 DAGs
[2023-11-07 17:06:47,709] {logging_mixin.py:115} INFO - [2023-11-07 17:06:47,709] {dag.py:2927} INFO - Setting next_dagrun for scraping to None, run_after=None
[2023-11-07 17:06:47,721] {processor.py:161} INFO - Processing /home/seluser/app/airflow/dags/selenium_session.py took 0.151 seconds
[2023-11-07 17:07:17,806] {processor.py:153} INFO - Started process (PID=303) to work on /home/seluser/app/airflow/dags/selenium_session.py
[2023-11-07 17:07:17,810] {processor.py:641} INFO - Processing file /home/seluser/app/airflow/dags/selenium_session.py for tasks to queue
[2023-11-07 17:07:17,811] {logging_mixin.py:115} INFO - [2023-11-07 17:07:17,811] {dagbag.py:507} INFO - Filling up the DagBag from /home/seluser/app/airflow/dags/selenium_session.py
[2023-11-07 17:07:17,896] {processor.py:651} INFO - DAG(s) dict_keys(['scraping']) retrieved from /home/seluser/app/airflow/dags/selenium_session.py
[2023-11-07 17:07:17,935] {logging_mixin.py:115} INFO - [2023-11-07 17:07:17,935] {dag.py:2379} INFO - Sync 1 DAGs
[2023-11-07 17:07:17,965] {logging_mixin.py:115} INFO - [2023-11-07 17:07:17,965] {dag.py:2927} INFO - Setting next_dagrun for scraping to None, run_after=None
[2023-11-07 17:07:17,979] {processor.py:161} INFO - Processing /home/seluser/app/airflow/dags/selenium_session.py took 0.179 seconds
[2023-11-07 17:07:48,898] {processor.py:153} INFO - Started process (PID=313) to work on /home/seluser/app/airflow/dags/selenium_session.py
[2023-11-07 17:07:48,901] {processor.py:641} INFO - Processing file /home/seluser/app/airflow/dags/selenium_session.py for tasks to queue
[2023-11-07 17:07:48,902] {logging_mixin.py:115} INFO - [2023-11-07 17:07:48,902] {dagbag.py:507} INFO - Filling up the DagBag from /home/seluser/app/airflow/dags/selenium_session.py
[2023-11-07 17:07:48,994] {processor.py:651} INFO - DAG(s) dict_keys(['scraping']) retrieved from /home/seluser/app/airflow/dags/selenium_session.py
[2023-11-07 17:07:49,028] {logging_mixin.py:115} INFO - [2023-11-07 17:07:49,028] {dag.py:2379} INFO - Sync 1 DAGs
[2023-11-07 17:07:49,052] {logging_mixin.py:115} INFO - [2023-11-07 17:07:49,051] {dag.py:2927} INFO - Setting next_dagrun for scraping to None, run_after=None
[2023-11-07 17:07:49,065] {processor.py:161} INFO - Processing /home/seluser/app/airflow/dags/selenium_session.py took 0.171 seconds
[2023-11-07 17:08:19,142] {processor.py:153} INFO - Started process (PID=323) to work on /home/seluser/app/airflow/dags/selenium_session.py
[2023-11-07 17:08:19,145] {processor.py:641} INFO - Processing file /home/seluser/app/airflow/dags/selenium_session.py for tasks to queue
[2023-11-07 17:08:19,146] {logging_mixin.py:115} INFO - [2023-11-07 17:08:19,146] {dagbag.py:507} INFO - Filling up the DagBag from /home/seluser/app/airflow/dags/selenium_session.py
[2023-11-07 17:08:19,217] {processor.py:651} INFO - DAG(s) dict_keys(['scraping']) retrieved from /home/seluser/app/airflow/dags/selenium_session.py
[2023-11-07 17:08:19,256] {logging_mixin.py:115} INFO - [2023-11-07 17:08:19,256] {dag.py:2379} INFO - Sync 1 DAGs
[2023-11-07 17:08:19,286] {logging_mixin.py:115} INFO - [2023-11-07 17:08:19,286] {dag.py:2927} INFO - Setting next_dagrun for scraping to None, run_after=None
[2023-11-07 17:08:19,303] {processor.py:161} INFO - Processing /home/seluser/app/airflow/dags/selenium_session.py took 0.167 seconds
[2023-11-07 17:08:50,237] {processor.py:153} INFO - Started process (PID=333) to work on /home/seluser/app/airflow/dags/selenium_session.py
[2023-11-07 17:08:50,240] {processor.py:641} INFO - Processing file /home/seluser/app/airflow/dags/selenium_session.py for tasks to queue
[2023-11-07 17:08:50,241] {logging_mixin.py:115} INFO - [2023-11-07 17:08:50,241] {dagbag.py:507} INFO - Filling up the DagBag from /home/seluser/app/airflow/dags/selenium_session.py
[2023-11-07 17:08:50,311] {processor.py:651} INFO - DAG(s) dict_keys(['scraping']) retrieved from /home/seluser/app/airflow/dags/selenium_session.py
[2023-11-07 17:08:50,346] {logging_mixin.py:115} INFO - [2023-11-07 17:08:50,346] {dag.py:2379} INFO - Sync 1 DAGs
[2023-11-07 17:08:50,370] {logging_mixin.py:115} INFO - [2023-11-07 17:08:50,370] {dag.py:2927} INFO - Setting next_dagrun for scraping to None, run_after=None
[2023-11-07 17:08:50,383] {processor.py:161} INFO - Processing /home/seluser/app/airflow/dags/selenium_session.py took 0.151 seconds
[2023-11-07 17:09:20,474] {processor.py:153} INFO - Started process (PID=343) to work on /home/seluser/app/airflow/dags/selenium_session.py
[2023-11-07 17:09:20,474] {processor.py:641} INFO - Processing file /home/seluser/app/airflow/dags/selenium_session.py for tasks to queue
[2023-11-07 17:09:20,475] {logging_mixin.py:115} INFO - [2023-11-07 17:09:20,475] {dagbag.py:507} INFO - Filling up the DagBag from /home/seluser/app/airflow/dags/selenium_session.py
[2023-11-07 17:09:20,560] {processor.py:651} INFO - DAG(s) dict_keys(['scraping']) retrieved from /home/seluser/app/airflow/dags/selenium_session.py
[2023-11-07 17:09:20,600] {logging_mixin.py:115} INFO - [2023-11-07 17:09:20,599] {dag.py:2379} INFO - Sync 1 DAGs
[2023-11-07 17:09:20,628] {logging_mixin.py:115} INFO - [2023-11-07 17:09:20,628] {dag.py:2927} INFO - Setting next_dagrun for scraping to None, run_after=None
[2023-11-07 17:09:20,642] {processor.py:161} INFO - Processing /home/seluser/app/airflow/dags/selenium_session.py took 0.174 seconds
[2023-11-07 17:09:51,564] {processor.py:153} INFO - Started process (PID=353) to work on /home/seluser/app/airflow/dags/selenium_session.py
[2023-11-07 17:09:51,566] {processor.py:641} INFO - Processing file /home/seluser/app/airflow/dags/selenium_session.py for tasks to queue
[2023-11-07 17:09:51,567] {logging_mixin.py:115} INFO - [2023-11-07 17:09:51,566] {dagbag.py:507} INFO - Filling up the DagBag from /home/seluser/app/airflow/dags/selenium_session.py
[2023-11-07 17:09:51,639] {processor.py:651} INFO - DAG(s) dict_keys(['scraping']) retrieved from /home/seluser/app/airflow/dags/selenium_session.py
[2023-11-07 17:09:51,677] {logging_mixin.py:115} INFO - [2023-11-07 17:09:51,677] {dag.py:2379} INFO - Sync 1 DAGs
[2023-11-07 17:09:51,707] {logging_mixin.py:115} INFO - [2023-11-07 17:09:51,706] {dag.py:2927} INFO - Setting next_dagrun for scraping to None, run_after=None
[2023-11-07 17:09:51,722] {processor.py:161} INFO - Processing /home/seluser/app/airflow/dags/selenium_session.py took 0.162 seconds
[2023-11-07 17:10:21,815] {processor.py:153} INFO - Started process (PID=363) to work on /home/seluser/app/airflow/dags/selenium_session.py
[2023-11-07 17:10:21,816] {processor.py:641} INFO - Processing file /home/seluser/app/airflow/dags/selenium_session.py for tasks to queue
[2023-11-07 17:10:21,817] {logging_mixin.py:115} INFO - [2023-11-07 17:10:21,817] {dagbag.py:507} INFO - Filling up the DagBag from /home/seluser/app/airflow/dags/selenium_session.py
[2023-11-07 17:10:21,901] {processor.py:651} INFO - DAG(s) dict_keys(['scraping']) retrieved from /home/seluser/app/airflow/dags/selenium_session.py
[2023-11-07 17:10:21,937] {logging_mixin.py:115} INFO - [2023-11-07 17:10:21,936] {dag.py:2379} INFO - Sync 1 DAGs
[2023-11-07 17:10:21,960] {logging_mixin.py:115} INFO - [2023-11-07 17:10:21,960] {dag.py:2927} INFO - Setting next_dagrun for scraping to None, run_after=None
[2023-11-07 17:10:21,974] {processor.py:161} INFO - Processing /home/seluser/app/airflow/dags/selenium_session.py took 0.167 seconds
[2023-11-07 17:10:52,912] {processor.py:153} INFO - Started process (PID=373) to work on /home/seluser/app/airflow/dags/selenium_session.py
[2023-11-07 17:10:52,914] {processor.py:641} INFO - Processing file /home/seluser/app/airflow/dags/selenium_session.py for tasks to queue
[2023-11-07 17:10:52,915] {logging_mixin.py:115} INFO - [2023-11-07 17:10:52,915] {dagbag.py:507} INFO - Filling up the DagBag from /home/seluser/app/airflow/dags/selenium_session.py
[2023-11-07 17:10:53,003] {processor.py:651} INFO - DAG(s) dict_keys(['scraping']) retrieved from /home/seluser/app/airflow/dags/selenium_session.py
[2023-11-07 17:10:53,047] {logging_mixin.py:115} INFO - [2023-11-07 17:10:53,047] {dag.py:2379} INFO - Sync 1 DAGs
[2023-11-07 17:10:53,078] {logging_mixin.py:115} INFO - [2023-11-07 17:10:53,078] {dag.py:2927} INFO - Setting next_dagrun for scraping to None, run_after=None
[2023-11-07 17:10:53,093] {processor.py:161} INFO - Processing /home/seluser/app/airflow/dags/selenium_session.py took 0.188 seconds
[2023-11-07 17:11:23,151] {processor.py:153} INFO - Started process (PID=383) to work on /home/seluser/app/airflow/dags/selenium_session.py
[2023-11-07 17:11:23,152] {processor.py:641} INFO - Processing file /home/seluser/app/airflow/dags/selenium_session.py for tasks to queue
[2023-11-07 17:11:23,153] {logging_mixin.py:115} INFO - [2023-11-07 17:11:23,153] {dagbag.py:507} INFO - Filling up the DagBag from /home/seluser/app/airflow/dags/selenium_session.py
[2023-11-07 17:11:23,226] {processor.py:651} INFO - DAG(s) dict_keys(['scraping']) retrieved from /home/seluser/app/airflow/dags/selenium_session.py
[2023-11-07 17:11:23,268] {logging_mixin.py:115} INFO - [2023-11-07 17:11:23,268] {dag.py:2379} INFO - Sync 1 DAGs
[2023-11-07 17:11:23,295] {logging_mixin.py:115} INFO - [2023-11-07 17:11:23,294] {dag.py:2927} INFO - Setting next_dagrun for scraping to None, run_after=None
[2023-11-07 17:11:23,310] {processor.py:161} INFO - Processing /home/seluser/app/airflow/dags/selenium_session.py took 0.164 seconds
