[0m16:16:49.900256 [debug] [MainThread]: Sending event: {'category': 'dbt', 'action': 'invocation', 'label': 'start', 'context': [<snowplow_tracker.self_describing_json.SelfDescribingJson object at 0x7fdf2b68ff40>, <snowplow_tracker.self_describing_json.SelfDescribingJson object at 0x7fdf294a1c70>, <snowplow_tracker.self_describing_json.SelfDescribingJson object at 0x7fdf294a1100>]}


============================== 16:16:49.905297 | 075c5a59-4d8d-4106-ab98-19e702b969ff ==============================
[0m16:16:49.905297 [info ] [MainThread]: Running with dbt=1.7.0
[0m16:16:49.906558 [debug] [MainThread]: running dbt with arguments {'printer_width': '80', 'indirect_selection': 'eager', 'write_json': 'True', 'log_cache_events': 'False', 'partial_parse': 'True', 'cache_selected_only': 'False', 'warn_error': 'None', 'version_check': 'True', 'profiles_dir': '/home/marius.fall/.dbt', 'log_path': 'logs', 'fail_fast': 'False', 'debug': 'False', 'use_colors': 'True', 'use_experimental_parser': 'False', 'no_print': 'None', 'quiet': 'False', 'log_format': 'default', 'static_parser': 'True', 'warn_error_options': 'WarnErrorOptions(include=[], exclude=[])', 'introspect': 'True', 'target_path': 'None', 'invocation_command': 'dbt init nba_stats', 'send_anonymous_usage_stats': 'True'}
[0m16:16:49.908350 [debug] [MainThread]: Starter project path: /home/marius.fall/NBA_Statistics/.venv/lib/python3.8/site-packages/dbt/include/starter_project
[0m16:16:49.918032 [info ] [MainThread]: 
Your new dbt project "nba_stats" was created!

For more information on how to configure the profiles.yml file,
please consult the dbt documentation here:

  https://docs.getdbt.com/docs/configure-your-profile

One more thing:

Need help? Don't hesitate to reach out to us via GitHub issues or on Slack:

  https://community.getdbt.com/

Happy modeling!

[0m16:16:49.919070 [info ] [MainThread]: Setting up your profile.
[0m16:20:22.761419 [info ] [MainThread]: Profile nba_stats written to /home/marius.fall/.dbt/profiles.yml using target's profile_template.yml and your supplied values. Run 'dbt debug' to validate the connection.
[0m16:20:22.766374 [debug] [MainThread]: Resource report: {"command_name": "init", "command_success": true, "command_wall_clock_time": 212.94469, "process_user_time": 6.220857, "process_kernel_time": 0.663572, "process_mem_max_rss": "189028", "process_in_blocks": "156200", "process_out_blocks": "13512"}
[0m16:20:22.769383 [debug] [MainThread]: Command `dbt init` succeeded at 16:20:22.768836 after 212.95 seconds
[0m16:20:22.770288 [debug] [MainThread]: Sending event: {'category': 'dbt', 'action': 'invocation', 'label': 'end', 'context': [<snowplow_tracker.self_describing_json.SelfDescribingJson object at 0x7fdf2b68ff40>, <snowplow_tracker.self_describing_json.SelfDescribingJson object at 0x7fdf1799c520>, <snowplow_tracker.self_describing_json.SelfDescribingJson object at 0x7fdf2949a400>]}
[0m16:20:22.771167 [debug] [MainThread]: Flushing usage events
