[2023-11-07 09:56:29,542] {processor.py:153} INFO - Started process (PID=160) to work on /app/airflow/dags/basic/dbt_basics.py
[2023-11-07 09:56:29,543] {processor.py:641} INFO - Processing file /app/airflow/dags/basic/dbt_basics.py for tasks to queue
[2023-11-07 09:56:29,543] {logging_mixin.py:115} INFO - [2023-11-07 09:56:29,543] {dagbag.py:507} INFO - Filling up the DagBag from /app/airflow/dags/basic/dbt_basics.py
[2023-11-07 09:56:29,558] {processor.py:651} INFO - DAG(s) dict_keys(['dbt_basics']) retrieved from /app/airflow/dags/basic/dbt_basics.py
[2023-11-07 09:56:29,676] {logging_mixin.py:115} INFO - [2023-11-07 09:56:29,676] {manager.py:508} INFO - Created Permission View: can delete on DAG:dbt_basics
[2023-11-07 09:56:29,685] {logging_mixin.py:115} INFO - [2023-11-07 09:56:29,685] {manager.py:508} INFO - Created Permission View: can edit on DAG:dbt_basics
[2023-11-07 09:56:29,693] {logging_mixin.py:115} INFO - [2023-11-07 09:56:29,693] {manager.py:508} INFO - Created Permission View: can read on DAG:dbt_basics
[2023-11-07 09:56:29,693] {logging_mixin.py:115} INFO - [2023-11-07 09:56:29,693] {dag.py:2379} INFO - Sync 1 DAGs
[2023-11-07 09:56:29,701] {logging_mixin.py:115} INFO - [2023-11-07 09:56:29,701] {dag.py:2398} INFO - Creating ORM DAG for dbt_basics
[2023-11-07 09:56:29,714] {logging_mixin.py:115} INFO - [2023-11-07 09:56:29,714] {dag.py:2927} INFO - Setting next_dagrun for dbt_basics to 2023-11-06T00:00:00+00:00, run_after=2023-11-07T00:00:00+00:00
[2023-11-07 09:56:29,726] {processor.py:161} INFO - Processing /app/airflow/dags/basic/dbt_basics.py took 0.189 seconds
[2023-11-07 09:56:59,771] {processor.py:153} INFO - Started process (PID=173) to work on /app/airflow/dags/basic/dbt_basics.py
[2023-11-07 09:56:59,774] {processor.py:641} INFO - Processing file /app/airflow/dags/basic/dbt_basics.py for tasks to queue
[2023-11-07 09:56:59,775] {logging_mixin.py:115} INFO - [2023-11-07 09:56:59,775] {dagbag.py:507} INFO - Filling up the DagBag from /app/airflow/dags/basic/dbt_basics.py
[2023-11-07 09:56:59,787] {processor.py:651} INFO - DAG(s) dict_keys(['dbt_basics']) retrieved from /app/airflow/dags/basic/dbt_basics.py
[2023-11-07 09:56:59,821] {logging_mixin.py:115} INFO - [2023-11-07 09:56:59,821] {dag.py:2379} INFO - Sync 1 DAGs
[2023-11-07 09:56:59,845] {logging_mixin.py:115} INFO - [2023-11-07 09:56:59,845] {dag.py:2927} INFO - Setting next_dagrun for dbt_basics to 2023-11-06T00:00:00+00:00, run_after=2023-11-07T00:00:00+00:00
[2023-11-07 09:56:59,856] {processor.py:161} INFO - Processing /app/airflow/dags/basic/dbt_basics.py took 0.091 seconds
[2023-11-07 09:57:29,937] {processor.py:153} INFO - Started process (PID=181) to work on /app/airflow/dags/basic/dbt_basics.py
[2023-11-07 09:57:29,941] {processor.py:641} INFO - Processing file /app/airflow/dags/basic/dbt_basics.py for tasks to queue
[2023-11-07 09:57:29,942] {logging_mixin.py:115} INFO - [2023-11-07 09:57:29,941] {dagbag.py:507} INFO - Filling up the DagBag from /app/airflow/dags/basic/dbt_basics.py
[2023-11-07 09:57:29,955] {processor.py:651} INFO - DAG(s) dict_keys(['dbt_basics']) retrieved from /app/airflow/dags/basic/dbt_basics.py
[2023-11-07 09:57:29,992] {logging_mixin.py:115} INFO - [2023-11-07 09:57:29,991] {dag.py:2379} INFO - Sync 1 DAGs
[2023-11-07 09:57:30,016] {logging_mixin.py:115} INFO - [2023-11-07 09:57:30,016] {dag.py:2927} INFO - Setting next_dagrun for dbt_basics to 2023-11-06T00:00:00+00:00, run_after=2023-11-07T00:00:00+00:00
[2023-11-07 09:57:30,028] {processor.py:161} INFO - Processing /app/airflow/dags/basic/dbt_basics.py took 0.096 seconds
