[2023-11-08T08:15:29.647+0000] {taskinstance.py:1159} INFO - Dependencies all met for dep_context=non-requeueable deps ti=<TaskInstance: game_log_dag.dbt_run manual__2023-11-08T08:15:03.262230+00:00 [queued]>
[2023-11-08T08:15:29.662+0000] {taskinstance.py:1159} INFO - Dependencies all met for dep_context=requeueable deps ti=<TaskInstance: game_log_dag.dbt_run manual__2023-11-08T08:15:03.262230+00:00 [queued]>
[2023-11-08T08:15:29.663+0000] {taskinstance.py:1361} INFO - Starting attempt 1 of 1
[2023-11-08T08:15:29.690+0000] {taskinstance.py:1382} INFO - Executing <Task(BashOperator): dbt_run> on 2023-11-08 08:15:03.262230+00:00
[2023-11-08T08:15:29.702+0000] {standard_task_runner.py:57} INFO - Started process 292 to run task
[2023-11-08T08:15:29.715+0000] {standard_task_runner.py:84} INFO - Running: ['airflow', 'tasks', 'run', 'game_log_dag', 'dbt_run', 'manual__2023-11-08T08:15:03.262230+00:00', '--job-id', '31', '--raw', '--subdir', 'DAGS_FOLDER/load.py', '--cfg-path', '/tmp/tmp9w7lstqn']
[2023-11-08T08:15:29.720+0000] {standard_task_runner.py:85} INFO - Job 31: Subtask dbt_run
[2023-11-08T08:15:29.806+0000] {task_command.py:416} INFO - Running <TaskInstance: game_log_dag.dbt_run manual__2023-11-08T08:15:03.262230+00:00 [running]> on host 7a2338e7a8c3
[2023-11-08T08:15:29.951+0000] {taskinstance.py:1662} INFO - Exporting env vars: AIRFLOW_CTX_DAG_OWNER='airflow' AIRFLOW_CTX_DAG_ID='game_log_dag' AIRFLOW_CTX_TASK_ID='dbt_run' AIRFLOW_CTX_EXECUTION_DATE='2023-11-08T08:15:03.262230+00:00' AIRFLOW_CTX_TRY_NUMBER='1' AIRFLOW_CTX_DAG_RUN_ID='manual__2023-11-08T08:15:03.262230+00:00'
[2023-11-08T08:15:29.954+0000] {subprocess.py:63} INFO - Tmp dir root location: /tmp
[2023-11-08T08:15:29.954+0000] {subprocess.py:75} INFO - Running command: ['/bin/bash', '-c', 'dbt run --project-dir /app/airflow/dbt_nba']
[2023-11-08T08:15:29.975+0000] {subprocess.py:86} INFO - Output:
[2023-11-08T08:15:34.001+0000] {subprocess.py:93} INFO - [0m08:15:34  Running with dbt=1.7.0
[2023-11-08T08:15:35.594+0000] {subprocess.py:93} INFO - [0m08:15:35  Registered adapter: bigquery=1.7.0
[2023-11-08T08:15:35.698+0000] {subprocess.py:93} INFO - [0m08:15:35  Found 2 models, 2 tests, 0 sources, 0 exposures, 0 metrics, 447 macros, 0 groups, 0 semantic models
[2023-11-08T08:15:35.702+0000] {subprocess.py:93} INFO - [0m08:15:35
[2023-11-08T08:15:36.265+0000] {subprocess.py:93} INFO - [0m08:15:36  Concurrency: 3 threads (target='dev')
[2023-11-08T08:15:36.266+0000] {subprocess.py:93} INFO - [0m08:15:36
[2023-11-08T08:15:36.273+0000] {subprocess.py:93} INFO - [0m08:15:36  1 of 2 START sql table model dbt_nba.first_model ............................... [RUN]
[2023-11-08T08:15:38.855+0000] {subprocess.py:93} INFO - [0m08:15:38  1 of 2 OK created sql table model dbt_nba.first_model .......................... [[32mCREATE TABLE (172.0 rows, 66.9 KiB processed)[0m in 2.58s]
[2023-11-08T08:15:38.860+0000] {subprocess.py:93} INFO - [0m08:15:38  2 of 2 START sql view model dbt_nba.my_second_dbt_model ........................ [RUN]
[2023-11-08T08:15:39.819+0000] {subprocess.py:93} INFO - [0m08:15:39  2 of 2 OK created sql view model dbt_nba.my_second_dbt_model ................... [[32mCREATE VIEW (0 processed)[0m in 0.95s]
[2023-11-08T08:15:39.831+0000] {subprocess.py:93} INFO - [0m08:15:39
[2023-11-08T08:15:39.834+0000] {subprocess.py:93} INFO - [0m08:15:39  Finished running 1 table model, 1 view model in 0 hours 0 minutes and 4.13 seconds (4.13s).
[2023-11-08T08:15:39.862+0000] {subprocess.py:93} INFO - [0m08:15:39
[2023-11-08T08:15:39.865+0000] {subprocess.py:93} INFO - [0m08:15:39  [32mCompleted successfully[0m
[2023-11-08T08:15:39.868+0000] {subprocess.py:93} INFO - [0m08:15:39
[2023-11-08T08:15:39.870+0000] {subprocess.py:93} INFO - [0m08:15:39  Done. PASS=2 WARN=0 ERROR=0 SKIP=0 TOTAL=2
[2023-11-08T08:15:40.727+0000] {subprocess.py:97} INFO - Command exited with return code 0
[2023-11-08T08:15:40.778+0000] {taskinstance.py:1400} INFO - Marking task as SUCCESS. dag_id=game_log_dag, task_id=dbt_run, execution_date=20231108T081503, start_date=20231108T081529, end_date=20231108T081540
[2023-11-08T08:15:40.814+0000] {local_task_job_runner.py:228} INFO - Task exited with return code 0
[2023-11-08T08:15:40.854+0000] {taskinstance.py:2778} INFO - 0 downstream tasks scheduled from follow-on schedule check
