[2023-11-08T07:06:57.488+0000] {taskinstance.py:1159} INFO - Dependencies all met for dep_context=non-requeueable deps ti=<TaskInstance: extract.load_parquet scheduled__2023-11-07T00:00:00+00:00 [queued]>
[2023-11-08T07:06:57.509+0000] {taskinstance.py:1159} INFO - Dependencies all met for dep_context=requeueable deps ti=<TaskInstance: extract.load_parquet scheduled__2023-11-07T00:00:00+00:00 [queued]>
[2023-11-08T07:06:57.511+0000] {taskinstance.py:1361} INFO - Starting attempt 1 of 1
[2023-11-08T07:06:57.578+0000] {taskinstance.py:1382} INFO - Executing <Task(BigQueryInsertJobOperator): load_parquet> on 2023-11-07 00:00:00+00:00
[2023-11-08T07:06:57.589+0000] {standard_task_runner.py:57} INFO - Started process 158 to run task
[2023-11-08T07:06:57.599+0000] {standard_task_runner.py:84} INFO - Running: ['airflow', 'tasks', 'run', 'extract', 'load_parquet', 'scheduled__2023-11-07T00:00:00+00:00', '--job-id', '10', '--raw', '--subdir', 'DAGS_FOLDER/load.py', '--cfg-path', '/tmp/tmp29gn6d__']
[2023-11-08T07:06:57.605+0000] {standard_task_runner.py:85} INFO - Job 10: Subtask load_parquet
[2023-11-08T07:06:57.731+0000] {task_command.py:416} INFO - Running <TaskInstance: extract.load_parquet scheduled__2023-11-07T00:00:00+00:00 [running]> on host e73511a18a1d
[2023-11-08T07:06:57.952+0000] {taskinstance.py:1662} INFO - Exporting env vars: AIRFLOW_CTX_DAG_OWNER='airflow' AIRFLOW_CTX_DAG_ID='extract' AIRFLOW_CTX_TASK_ID='load_parquet' AIRFLOW_CTX_EXECUTION_DATE='2023-11-07T00:00:00+00:00' AIRFLOW_CTX_TRY_NUMBER='1' AIRFLOW_CTX_DAG_RUN_ID='scheduled__2023-11-07T00:00:00+00:00'
[2023-11-08T07:06:57.985+0000] {connection.py:232} WARNING - Connection schemes (type: google_cloud_platform) shall not contain '_' according to RFC3986.
[2023-11-08T07:06:57.994+0000] {base.py:73} INFO - Using connection ID 'google_cloud_connection' for task execution.
[2023-11-08T07:06:57.996+0000] {bigquery.py:2802} INFO - Executing: {'load': {'sourceUris': ['gs://nba_stats_57100/game_log/*.csv'], 'destinationTable': {'projectId': 'wagon-bootcamp-57100', 'datasetId': 'nba_stats', 'tableId': 'player_log_test_marius'}, 'sourceFormat': 'CSV', 'autodetect': True, 'writeDisposition': 'WRITE_APPEND'}}'
[2023-11-08T07:06:58.103+0000] {bigquery.py:1595} INFO - Inserting job airflow_extract_load_parquet_2023_11_07T00_00_00_00_00_0036f6f6d6b65074e3e8e08aa0f62610
[2023-11-08T07:07:00.217+0000] {taskinstance.py:1400} INFO - Marking task as SUCCESS. dag_id=extract, task_id=load_parquet, execution_date=20231107T000000, start_date=20231108T070657, end_date=20231108T070700
[2023-11-08T07:07:00.313+0000] {local_task_job_runner.py:228} INFO - Task exited with return code 0
[2023-11-08T07:07:00.425+0000] {taskinstance.py:2778} INFO - 1 downstream tasks scheduled from follow-on schedule check
[2023-11-08T07:46:43.382+0000] {taskinstance.py:1159} INFO - Dependencies all met for dep_context=non-requeueable deps ti=<TaskInstance: extract.load_parquet scheduled__2023-11-07T00:00:00+00:00 [queued]>
[2023-11-08T07:46:43.399+0000] {taskinstance.py:1159} INFO - Dependencies all met for dep_context=requeueable deps ti=<TaskInstance: extract.load_parquet scheduled__2023-11-07T00:00:00+00:00 [queued]>
[2023-11-08T07:46:43.399+0000] {taskinstance.py:1361} INFO - Starting attempt 1 of 1
[2023-11-08T07:46:43.418+0000] {taskinstance.py:1382} INFO - Executing <Task(BigQueryInsertJobOperator): load_parquet> on 2023-11-07 00:00:00+00:00
[2023-11-08T07:46:43.427+0000] {standard_task_runner.py:57} INFO - Started process 317 to run task
[2023-11-08T07:46:43.434+0000] {standard_task_runner.py:84} INFO - Running: ['airflow', 'tasks', 'run', 'extract', 'load_parquet', 'scheduled__2023-11-07T00:00:00+00:00', '--job-id', '15', '--raw', '--subdir', 'DAGS_FOLDER/load.py', '--cfg-path', '/tmp/tmpphu8ifdp']
[2023-11-08T07:46:43.439+0000] {standard_task_runner.py:85} INFO - Job 15: Subtask load_parquet
[2023-11-08T07:46:43.529+0000] {task_command.py:416} INFO - Running <TaskInstance: extract.load_parquet scheduled__2023-11-07T00:00:00+00:00 [running]> on host e365784c7cfe
[2023-11-08T07:46:43.666+0000] {taskinstance.py:1662} INFO - Exporting env vars: AIRFLOW_CTX_DAG_OWNER='airflow' AIRFLOW_CTX_DAG_ID='extract' AIRFLOW_CTX_TASK_ID='load_parquet' AIRFLOW_CTX_EXECUTION_DATE='2023-11-07T00:00:00+00:00' AIRFLOW_CTX_TRY_NUMBER='1' AIRFLOW_CTX_DAG_RUN_ID='scheduled__2023-11-07T00:00:00+00:00'
[2023-11-08T07:46:43.689+0000] {connection.py:232} WARNING - Connection schemes (type: google_cloud_platform) shall not contain '_' according to RFC3986.
[2023-11-08T07:46:43.697+0000] {base.py:73} INFO - Using connection ID 'google_cloud_connection' for task execution.
[2023-11-08T07:46:43.698+0000] {bigquery.py:2802} INFO - Executing: {'load': {'sourceUris': ['gs://nba_stats_57100/game_log/*.csv'], 'destinationTable': {'projectId': 'wagon-bootcamp-57100', 'datasetId': 'nba_stats', 'tableId': 'player_log_test_marius'}, 'sourceFormat': 'CSV', 'autodetect': True, 'writeDisposition': 'WRITE_APPEND'}}'
[2023-11-08T07:46:43.774+0000] {bigquery.py:1595} INFO - Inserting job airflow_extract_load_parquet_2023_11_07T00_00_00_00_00_264e9e4ac2d647bd0b6b2fb35ba44eb2
[2023-11-08T07:46:45.719+0000] {taskinstance.py:1400} INFO - Marking task as SUCCESS. dag_id=extract, task_id=load_parquet, execution_date=20231107T000000, start_date=20231108T074643, end_date=20231108T074645
[2023-11-08T07:46:45.779+0000] {local_task_job_runner.py:228} INFO - Task exited with return code 0
[2023-11-08T07:46:45.818+0000] {taskinstance.py:2778} INFO - 1 downstream tasks scheduled from follow-on schedule check
[2023-11-08T08:11:46.158+0000] {taskinstance.py:1159} INFO - Dependencies all met for dep_context=non-requeueable deps ti=<TaskInstance: extract.load_parquet scheduled__2023-11-07T00:00:00+00:00 [queued]>
[2023-11-08T08:11:46.194+0000] {taskinstance.py:1159} INFO - Dependencies all met for dep_context=requeueable deps ti=<TaskInstance: extract.load_parquet scheduled__2023-11-07T00:00:00+00:00 [queued]>
[2023-11-08T08:11:46.197+0000] {taskinstance.py:1361} INFO - Starting attempt 1 of 1
[2023-11-08T08:11:46.254+0000] {taskinstance.py:1382} INFO - Executing <Task(BigQueryInsertJobOperator): load_parquet> on 2023-11-07 00:00:00+00:00
[2023-11-08T08:11:46.274+0000] {standard_task_runner.py:57} INFO - Started process 175 to run task
[2023-11-08T08:11:46.295+0000] {standard_task_runner.py:84} INFO - Running: ['airflow', 'tasks', 'run', 'extract', 'load_parquet', 'scheduled__2023-11-07T00:00:00+00:00', '--job-id', '24', '--raw', '--subdir', 'DAGS_FOLDER/load.py', '--cfg-path', '/tmp/tmpupjrshmm']
[2023-11-08T08:11:46.303+0000] {standard_task_runner.py:85} INFO - Job 24: Subtask load_parquet
[2023-11-08T08:11:46.460+0000] {task_command.py:416} INFO - Running <TaskInstance: extract.load_parquet scheduled__2023-11-07T00:00:00+00:00 [running]> on host 7a2338e7a8c3
[2023-11-08T08:11:46.724+0000] {taskinstance.py:1662} INFO - Exporting env vars: AIRFLOW_CTX_DAG_OWNER='airflow' AIRFLOW_CTX_DAG_ID='extract' AIRFLOW_CTX_TASK_ID='load_parquet' AIRFLOW_CTX_EXECUTION_DATE='2023-11-07T00:00:00+00:00' AIRFLOW_CTX_TRY_NUMBER='1' AIRFLOW_CTX_DAG_RUN_ID='scheduled__2023-11-07T00:00:00+00:00'
[2023-11-08T08:11:46.749+0000] {connection.py:232} WARNING - Connection schemes (type: google_cloud_platform) shall not contain '_' according to RFC3986.
[2023-11-08T08:11:46.756+0000] {base.py:73} INFO - Using connection ID 'google_cloud_connection' for task execution.
[2023-11-08T08:11:46.758+0000] {bigquery.py:2802} INFO - Executing: {'load': {'sourceUris': ['gs://nba_stats_57100/game_log/*.csv'], 'destinationTable': {'projectId': 'wagon-bootcamp-57100', 'datasetId': 'nba_stats', 'tableId': 'player_log_test_marius'}, 'sourceFormat': 'CSV', 'autodetect': True, 'writeDisposition': 'WRITE_APPEND'}}'
[2023-11-08T08:11:46.841+0000] {bigquery.py:1595} INFO - Inserting job airflow_extract_load_parquet_2023_11_07T00_00_00_00_00_ce8251e45e6e1b39c704bafc3ec00abf
[2023-11-08T08:11:49.488+0000] {taskinstance.py:1400} INFO - Marking task as SUCCESS. dag_id=extract, task_id=load_parquet, execution_date=20231107T000000, start_date=20231108T081146, end_date=20231108T081149
[2023-11-08T08:11:49.535+0000] {local_task_job_runner.py:228} INFO - Task exited with return code 0
[2023-11-08T08:11:49.575+0000] {taskinstance.py:2778} INFO - 1 downstream tasks scheduled from follow-on schedule check
